Copyright 1986-2022 Xilinx, Inc. All Rights Reserved. Copyright 2022-2023 Advanced Micro Devices, Inc. All Rights Reserved.
---------------------------------------------------------------------------------------------------------------------------------------------
| Tool Version : Vivado v.2023.1 (win64) Build 3865809 Sun May  7 15:05:29 MDT 2023
| Date         : Thu Mar  7 15:12:27 2024
| Host         : LAPTOP-UPJBM0EE running 64-bit major release  (build 9200)
| Command      : report_control_sets -verbose -file Top_Exp_control_sets_placed.rpt
| Design       : Top_Exp
| Device       : xc7a35t
---------------------------------------------------------------------------------------------------------------------------------------------

Control Set Information

Table of Contents
-----------------
1. Summary
2. Histogram
3. Flip-Flop Distribution
4. Detailed Control Set Information

1. Summary
----------

+----------------------------------------------------------+-------+
|                          Status                          | Count |
+----------------------------------------------------------+-------+
| Total control sets                                       |     5 |
|    Minimum number of control sets                        |     5 |
|    Addition due to synthesis replication                 |     0 |
|    Addition due to physical synthesis replication        |     0 |
| Unused register locations in slices containing registers |    16 |
+----------------------------------------------------------+-------+
* Control sets can be merged at opt_design using control_set_merge or merge_equivalent_drivers
** Run report_qor_suggestions for automated merging and remapping suggestions


2. Histogram
------------

+--------------------+-------+
|       Fanout       | Count |
+--------------------+-------+
| Total control sets |     5 |
| >= 0 to < 4        |     0 |
| >= 4 to < 6        |     0 |
| >= 6 to < 8        |     0 |
| >= 8 to < 10       |     1 |
| >= 10 to < 12      |     2 |
| >= 12 to < 14      |     0 |
| >= 14 to < 16      |     0 |
| >= 16              |     2 |
+--------------------+-------+
* Control sets can be remapped at either synth_design or opt_design


3. Flip-Flop Distribution
-------------------------

+--------------+-----------------------+------------------------+-----------------+--------------+
| Clock Enable | Synchronous Set/Reset | Asynchronous Set/Reset | Total Registers | Total Slices |
+--------------+-----------------------+------------------------+-----------------+--------------+
| No           | No                    | No                     |              11 |            4 |
| No           | No                    | Yes                    |               0 |            0 |
| No           | Yes                   | No                     |              35 |            8 |
| Yes          | No                    | No                     |               0 |            0 |
| Yes          | No                    | Yes                    |               0 |            0 |
| Yes          | Yes                   | No                     |              26 |            6 |
+--------------+-----------------------+------------------------+-----------------+--------------+


4. Detailed Control Set Information
-----------------------------------

+----------------+----------------------------+-------------------------------------+------------------+----------------+--------------+
|  Clock Signal  |        Enable Signal       |           Set/Reset Signal          | Slice Load Count | Bel Load Count | Bels / Slice |
+----------------+----------------------------+-------------------------------------+------------------+----------------+--------------+
|  clk_IBUF_BUFG |                            | led[7]_i_1_n_0                      |                1 |              8 |         8.00 |
|  clk_IBUF_BUFG | PRESCALAR_INST/E[0]        | RESET_G                             |                2 |             10 |         5.00 |
|  clk_IBUF_BUFG |                            |                                     |                4 |             11 |         2.75 |
|  clk_IBUF_BUFG | PRESCALAR_INST/o_fin_reg_0 | RESET_G                             |                4 |             16 |         4.00 |
|  clk_IBUF_BUFG |                            | PRESCALAR_INST/delai_sig[0]_i_1_n_0 |                7 |             27 |         3.86 |
+----------------+----------------------------+-------------------------------------+------------------+----------------+--------------+


